[0.586s] DEBUG:colcon:Command line arguments: ['/usr/bin/colcon', 'build']
[0.586s] DEBUG:colcon:Parsed command line arguments: Namespace(log_base=None, log_level=None, verb_name='build', build_base='build', install_base='install', merge_install=False, symlink_install=False, test_result_base=None, continue_on_error=False, executor='parallel', parallel_workers=4, event_handlers=None, ignore_user_meta=False, metas=['./colcon.meta'], base_paths=['.'], packages_ignore=None, packages_ignore_regex=None, paths=None, packages_up_to=None, packages_up_to_regex=None, packages_above=None, packages_above_and_dependencies=None, packages_above_depth=None, packages_select_by_dep=None, packages_skip_by_dep=None, packages_skip_up_to=None, packages_select_build_failed=False, packages_skip_build_finished=False, packages_select_test_failures=False, packages_skip_test_passed=False, packages_select=None, packages_skip=None, packages_select_regex=None, packages_skip_regex=None, packages_start=None, packages_end=None, allow_overriding=[], cmake_args=None, cmake_target=None, cmake_target_skip_unavailable=False, cmake_clean_cache=False, cmake_clean_first=False, cmake_force_configure=False, ament_cmake_args=None, catkin_cmake_args=None, catkin_skip_building_tests=False, verb_parser=<colcon_defaults.argument_parser.defaults.DefaultArgumentsDecorator object at 0xffff9c18a620>, verb_extension=<colcon_core.verb.build.BuildVerb object at 0xffff9c373eb0>, main=<bound method BuildVerb.main of <colcon_core.verb.build.BuildVerb object at 0xffff9c373eb0>>)
[1.361s] Level 1:colcon.colcon_core.package_discovery:discover_packages(colcon_meta) check parameters
[1.361s] Level 1:colcon.colcon_core.package_discovery:discover_packages(recursive) check parameters
[1.362s] Level 1:colcon.colcon_core.package_discovery:discover_packages(ignore) check parameters
[1.362s] Level 1:colcon.colcon_core.package_discovery:discover_packages(path) check parameters
[1.362s] Level 1:colcon.colcon_core.package_discovery:discover_packages(colcon_meta) discover
[1.362s] Level 1:colcon.colcon_core.package_discovery:discover_packages(recursive) discover
[1.362s] INFO:colcon.colcon_core.package_discovery:Crawling recursively for packages in '/home/ch03/name_ws'
[1.363s] Level 1:colcon.colcon_core.package_identification:_identify(.) by extensions ['ignore', 'ignore_ament_install']
[1.364s] Level 1:colcon.colcon_core.package_identification:_identify(.) by extension 'ignore'
[1.364s] Level 1:colcon.colcon_core.package_identification:_identify(.) by extension 'ignore_ament_install'
[1.365s] Level 1:colcon.colcon_core.package_identification:_identify(.) by extensions ['colcon_pkg']
[1.365s] Level 1:colcon.colcon_core.package_identification:_identify(.) by extension 'colcon_pkg'
[1.365s] Level 1:colcon.colcon_core.package_identification:_identify(.) by extensions ['colcon_meta']
[1.365s] Level 1:colcon.colcon_core.package_identification:_identify(.) by extension 'colcon_meta'
[1.366s] Level 1:colcon.colcon_core.package_identification:_identify(.) by extensions ['ros']
[1.366s] Level 1:colcon.colcon_core.package_identification:_identify(.) by extension 'ros'
[1.416s] Level 1:colcon.colcon_core.package_identification:_identify(.) by extensions ['cmake', 'python']
[1.416s] Level 1:colcon.colcon_core.package_identification:_identify(.) by extension 'cmake'
[1.416s] Level 1:colcon.colcon_core.package_identification:_identify(.) by extension 'python'
[1.416s] Level 1:colcon.colcon_core.package_identification:_identify(.) by extensions ['python_setup_py']
[1.417s] Level 1:colcon.colcon_core.package_identification:_identify(.) by extension 'python_setup_py'
[1.417s] Level 1:colcon.colcon_core.package_identification:_identify(build) by extensions ['ignore', 'ignore_ament_install']
[1.418s] Level 1:colcon.colcon_core.package_identification:_identify(build) by extension 'ignore'
[1.418s] Level 1:colcon.colcon_core.package_identification:_identify(build) ignored
[1.419s] Level 1:colcon.colcon_core.package_identification:_identify(install) by extensions ['ignore', 'ignore_ament_install']
[1.419s] Level 1:colcon.colcon_core.package_identification:_identify(install) by extension 'ignore'
[1.420s] Level 1:colcon.colcon_core.package_identification:_identify(install) ignored
[1.420s] Level 1:colcon.colcon_core.package_identification:_identify(log) by extensions ['ignore', 'ignore_ament_install']
[1.421s] Level 1:colcon.colcon_core.package_identification:_identify(log) by extension 'ignore'
[1.421s] Level 1:colcon.colcon_core.package_identification:_identify(log) ignored
[1.421s] Level 1:colcon.colcon_core.package_identification:_identify(src) by extensions ['ignore', 'ignore_ament_install']
[1.422s] Level 1:colcon.colcon_core.package_identification:_identify(src) by extension 'ignore'
[1.422s] Level 1:colcon.colcon_core.package_identification:_identify(src) by extension 'ignore_ament_install'
[1.422s] Level 1:colcon.colcon_core.package_identification:_identify(src) by extensions ['colcon_pkg']
[1.422s] Level 1:colcon.colcon_core.package_identification:_identify(src) by extension 'colcon_pkg'
[1.423s] Level 1:colcon.colcon_core.package_identification:_identify(src) by extensions ['colcon_meta']
[1.423s] Level 1:colcon.colcon_core.package_identification:_identify(src) by extension 'colcon_meta'
[1.423s] Level 1:colcon.colcon_core.package_identification:_identify(src) by extensions ['ros']
[1.423s] Level 1:colcon.colcon_core.package_identification:_identify(src) by extension 'ros'
[1.424s] Level 1:colcon.colcon_core.package_identification:_identify(src) by extensions ['cmake', 'python']
[1.424s] Level 1:colcon.colcon_core.package_identification:_identify(src) by extension 'cmake'
[1.424s] Level 1:colcon.colcon_core.package_identification:_identify(src) by extension 'python'
[1.424s] Level 1:colcon.colcon_core.package_identification:_identify(src) by extensions ['python_setup_py']
[1.424s] Level 1:colcon.colcon_core.package_identification:_identify(src) by extension 'python_setup_py'
[1.425s] Level 1:colcon.colcon_core.package_identification:_identify(src/ros-imu-bno055) by extensions ['ignore', 'ignore_ament_install']
[1.425s] Level 1:colcon.colcon_core.package_identification:_identify(src/ros-imu-bno055) by extension 'ignore'
[1.426s] Level 1:colcon.colcon_core.package_identification:_identify(src/ros-imu-bno055) by extension 'ignore_ament_install'
[1.426s] Level 1:colcon.colcon_core.package_identification:_identify(src/ros-imu-bno055) by extensions ['colcon_pkg']
[1.426s] Level 1:colcon.colcon_core.package_identification:_identify(src/ros-imu-bno055) by extension 'colcon_pkg'
[1.426s] Level 1:colcon.colcon_core.package_identification:_identify(src/ros-imu-bno055) by extensions ['colcon_meta']
[1.426s] Level 1:colcon.colcon_core.package_identification:_identify(src/ros-imu-bno055) by extension 'colcon_meta'
[1.427s] Level 1:colcon.colcon_core.package_identification:_identify(src/ros-imu-bno055) by extensions ['ros']
[1.427s] Level 1:colcon.colcon_core.package_identification:_identify(src/ros-imu-bno055) by extension 'ros'
[1.446s] DEBUG:colcon.colcon_core.package_identification:Package 'src/ros-imu-bno055' with type 'ros.ament_cmake' and name 'imu_bno055'
[1.447s] Level 1:colcon.colcon_core.package_identification:_identify(src/timbot_navigation) by extensions ['ignore', 'ignore_ament_install']
[1.448s] Level 1:colcon.colcon_core.package_identification:_identify(src/timbot_navigation) by extension 'ignore'
[1.448s] Level 1:colcon.colcon_core.package_identification:_identify(src/timbot_navigation) by extension 'ignore_ament_install'
[1.448s] Level 1:colcon.colcon_core.package_identification:_identify(src/timbot_navigation) by extensions ['colcon_pkg']
[1.449s] Level 1:colcon.colcon_core.package_identification:_identify(src/timbot_navigation) by extension 'colcon_pkg'
[1.449s] Level 1:colcon.colcon_core.package_identification:_identify(src/timbot_navigation) by extensions ['colcon_meta']
[1.449s] Level 1:colcon.colcon_core.package_identification:_identify(src/timbot_navigation) by extension 'colcon_meta'
[1.450s] Level 1:colcon.colcon_core.package_identification:_identify(src/timbot_navigation) by extensions ['ros']
[1.450s] Level 1:colcon.colcon_core.package_identification:_identify(src/timbot_navigation) by extension 'ros'
[1.454s] DEBUG:colcon.colcon_core.package_identification:Package 'src/timbot_navigation' with type 'ros.ament_cmake' and name 'timbot_navigation'
[1.454s] Level 1:colcon.colcon_core.package_discovery:discover_packages(recursive) using defaults
[1.455s] Level 1:colcon.colcon_core.package_discovery:discover_packages(ignore) discover
[1.455s] Level 1:colcon.colcon_core.package_discovery:discover_packages(ignore) using defaults
[1.455s] Level 1:colcon.colcon_core.package_discovery:discover_packages(path) discover
[1.455s] Level 1:colcon.colcon_core.package_discovery:discover_packages(path) using defaults
[1.581s] Level 1:colcon.colcon_core.package_discovery:discover_packages(prefix_path) check parameters
[1.581s] Level 1:colcon.colcon_core.package_discovery:discover_packages(prefix_path) discover
[1.591s] DEBUG:colcon.colcon_installed_package_information.package_discovery:Found 2 installed packages in /home/ch03/name_ws/install
[1.598s] DEBUG:colcon.colcon_installed_package_information.package_discovery:Found 181 installed packages in /opt/ros/humble
[1.604s] Level 1:colcon.colcon_core.package_discovery:discover_packages(prefix_path) using defaults
[1.723s] Level 5:colcon.colcon_core.verb:set package 'imu_bno055' build argument 'cmake_args' from command line to 'None'
[1.723s] Level 5:colcon.colcon_core.verb:set package 'imu_bno055' build argument 'cmake_target' from command line to 'None'
[1.723s] Level 5:colcon.colcon_core.verb:set package 'imu_bno055' build argument 'cmake_target_skip_unavailable' from command line to 'False'
[1.723s] Level 5:colcon.colcon_core.verb:set package 'imu_bno055' build argument 'cmake_clean_cache' from command line to 'False'
[1.724s] Level 5:colcon.colcon_core.verb:set package 'imu_bno055' build argument 'cmake_clean_first' from command line to 'False'
[1.724s] Level 5:colcon.colcon_core.verb:set package 'imu_bno055' build argument 'cmake_force_configure' from command line to 'False'
[1.724s] Level 5:colcon.colcon_core.verb:set package 'imu_bno055' build argument 'ament_cmake_args' from command line to 'None'
[1.724s] Level 5:colcon.colcon_core.verb:set package 'imu_bno055' build argument 'catkin_cmake_args' from command line to 'None'
[1.724s] Level 5:colcon.colcon_core.verb:set package 'imu_bno055' build argument 'catkin_skip_building_tests' from command line to 'False'
[1.724s] DEBUG:colcon.colcon_core.verb:Building package 'imu_bno055' with the following arguments: {'ament_cmake_args': None, 'build_base': '/home/ch03/name_ws/build/imu_bno055', 'catkin_cmake_args': None, 'catkin_skip_building_tests': False, 'cmake_args': None, 'cmake_clean_cache': False, 'cmake_clean_first': False, 'cmake_force_configure': False, 'cmake_target': None, 'cmake_target_skip_unavailable': False, 'install_base': '/home/ch03/name_ws/install/imu_bno055', 'merge_install': False, 'path': '/home/ch03/name_ws/src/ros-imu-bno055', 'symlink_install': False, 'test_result_base': None}
[1.726s] Level 5:colcon.colcon_core.verb:set package 'timbot_navigation' build argument 'cmake_args' from command line to 'None'
[1.726s] Level 5:colcon.colcon_core.verb:set package 'timbot_navigation' build argument 'cmake_target' from command line to 'None'
[1.727s] Level 5:colcon.colcon_core.verb:set package 'timbot_navigation' build argument 'cmake_target_skip_unavailable' from command line to 'False'
[1.727s] Level 5:colcon.colcon_core.verb:set package 'timbot_navigation' build argument 'cmake_clean_cache' from command line to 'False'
[1.727s] Level 5:colcon.colcon_core.verb:set package 'timbot_navigation' build argument 'cmake_clean_first' from command line to 'False'
[1.727s] Level 5:colcon.colcon_core.verb:set package 'timbot_navigation' build argument 'cmake_force_configure' from command line to 'False'
[1.727s] Level 5:colcon.colcon_core.verb:set package 'timbot_navigation' build argument 'ament_cmake_args' from command line to 'None'
[1.727s] Level 5:colcon.colcon_core.verb:set package 'timbot_navigation' build argument 'catkin_cmake_args' from command line to 'None'
[1.728s] Level 5:colcon.colcon_core.verb:set package 'timbot_navigation' build argument 'catkin_skip_building_tests' from command line to 'False'
[1.728s] DEBUG:colcon.colcon_core.verb:Building package 'timbot_navigation' with the following arguments: {'ament_cmake_args': None, 'build_base': '/home/ch03/name_ws/build/timbot_navigation', 'catkin_cmake_args': None, 'catkin_skip_building_tests': False, 'cmake_args': None, 'cmake_clean_cache': False, 'cmake_clean_first': False, 'cmake_force_configure': False, 'cmake_target': None, 'cmake_target_skip_unavailable': False, 'install_base': '/home/ch03/name_ws/install/timbot_navigation', 'merge_install': False, 'path': '/home/ch03/name_ws/src/timbot_navigation', 'symlink_install': False, 'test_result_base': None}
[1.729s] INFO:colcon.colcon_core.executor:Executing jobs using 'parallel' executor
[1.732s] DEBUG:colcon.colcon_parallel_executor.executor.parallel:run_until_complete
[1.733s] INFO:colcon.colcon_ros.task.ament_cmake.build:Building ROS package in '/home/ch03/name_ws/src/ros-imu-bno055' with build type 'ament_cmake'
[1.734s] INFO:colcon.colcon_cmake.task.cmake.build:Building CMake package in '/home/ch03/name_ws/src/ros-imu-bno055'
[1.745s] INFO:colcon.colcon_core.plugin_system:Skipping extension 'colcon_core.shell.bat': Not used on non-Windows systems
[1.747s] INFO:colcon.colcon_core.shell:Skip shell extension 'powershell' for command environment: Not usable outside of PowerShell
[1.747s] DEBUG:colcon.colcon_core.shell:Skip shell extension 'dsv' for command environment
[1.765s] INFO:colcon.colcon_ros.task.ament_cmake.build:Building ROS package in '/home/ch03/name_ws/src/timbot_navigation' with build type 'ament_cmake'
[1.766s] INFO:colcon.colcon_cmake.task.cmake.build:Building CMake package in '/home/ch03/name_ws/src/timbot_navigation'
[1.767s] INFO:colcon.colcon_core.shell:Skip shell extension 'powershell' for command environment: Not usable outside of PowerShell
[1.768s] DEBUG:colcon.colcon_core.shell:Skip shell extension 'dsv' for command environment
[1.802s] DEBUG:colcon.colcon_core.event_handler.log_command:Invoking command in '/home/ch03/name_ws/build/imu_bno055': CMAKE_PREFIX_PATH=${CMAKE_PREFIX_PATH}:/opt/ros/humble /usr/bin/cmake --build /home/ch03/name_ws/build/imu_bno055 -- -j4 -l4
[1.839s] DEBUG:colcon.colcon_core.event_handler.log_command:Invoking command in '/home/ch03/name_ws/build/timbot_navigation': CMAKE_PREFIX_PATH=${CMAKE_PREFIX_PATH}:/opt/ros/humble /usr/bin/cmake --build /home/ch03/name_ws/build/timbot_navigation -- -j4 -l4
[2.203s] DEBUG:colcon.colcon_core.event_handler.log_command:Invoked command in '/home/ch03/name_ws/build/imu_bno055' returned '0': CMAKE_PREFIX_PATH=${CMAKE_PREFIX_PATH}:/opt/ros/humble /usr/bin/cmake --build /home/ch03/name_ws/build/imu_bno055 -- -j4 -l4
[2.251s] DEBUG:colcon.colcon_core.event_handler.log_command:Invoking command in '/home/ch03/name_ws/build/imu_bno055': CMAKE_PREFIX_PATH=${CMAKE_PREFIX_PATH}:/opt/ros/humble /usr/bin/cmake --install /home/ch03/name_ws/build/imu_bno055
[2.315s] Level 1:colcon.colcon_core.environment:create_environment_scripts_only(imu_bno055)
[2.330s] Level 1:colcon.colcon_core.environment:checking '/home/ch03/name_ws/install/imu_bno055' for CMake module files
[2.335s] DEBUG:colcon.colcon_core.event_handler.log_command:Invoked command in '/home/ch03/name_ws/build/imu_bno055' returned '0': CMAKE_PREFIX_PATH=${CMAKE_PREFIX_PATH}:/opt/ros/humble /usr/bin/cmake --install /home/ch03/name_ws/build/imu_bno055
[2.336s] Level 1:colcon.colcon_core.environment:checking '/home/ch03/name_ws/install/imu_bno055' for CMake config files
[2.338s] Level 1:colcon.colcon_core.shell:create_environment_hook('imu_bno055', 'cmake_prefix_path')
[2.339s] INFO:colcon.colcon_core.shell:Creating environment hook '/home/ch03/name_ws/install/imu_bno055/share/imu_bno055/hook/cmake_prefix_path.ps1'
[2.342s] INFO:colcon.colcon_core.shell:Creating environment descriptor '/home/ch03/name_ws/install/imu_bno055/share/imu_bno055/hook/cmake_prefix_path.dsv'
[2.346s] INFO:colcon.colcon_core.shell:Creating environment hook '/home/ch03/name_ws/install/imu_bno055/share/imu_bno055/hook/cmake_prefix_path.sh'
[2.351s] Level 1:colcon.colcon_core.environment:checking '/home/ch03/name_ws/install/imu_bno055/lib'
[2.352s] Level 1:colcon.colcon_core.environment:checking '/home/ch03/name_ws/install/imu_bno055/bin'
[2.353s] Level 1:colcon.colcon_core.environment:checking '/home/ch03/name_ws/install/imu_bno055/lib/pkgconfig/imu_bno055.pc'
[2.354s] Level 1:colcon.colcon_core.environment:checking '/home/ch03/name_ws/install/imu_bno055/lib/python3.10/site-packages'
[2.355s] Level 1:colcon.colcon_core.environment:checking '/home/ch03/name_ws/install/imu_bno055/bin'
[2.357s] INFO:colcon.colcon_core.shell:Creating package script '/home/ch03/name_ws/install/imu_bno055/share/imu_bno055/package.ps1'
[2.361s] INFO:colcon.colcon_core.shell:Creating package descriptor '/home/ch03/name_ws/install/imu_bno055/share/imu_bno055/package.dsv'
[2.364s] INFO:colcon.colcon_core.shell:Creating package script '/home/ch03/name_ws/install/imu_bno055/share/imu_bno055/package.sh'
[2.368s] INFO:colcon.colcon_core.shell:Creating package script '/home/ch03/name_ws/install/imu_bno055/share/imu_bno055/package.bash'
[2.373s] INFO:colcon.colcon_core.shell:Creating package script '/home/ch03/name_ws/install/imu_bno055/share/imu_bno055/package.zsh'
[2.378s] Level 1:colcon.colcon_core.environment:create_file_with_runtime_dependencies(/home/ch03/name_ws/install/imu_bno055/share/colcon-core/packages/imu_bno055)
[2.382s] Level 1:colcon.colcon_core.environment:create_environment_scripts_only(imu_bno055)
[2.383s] Level 1:colcon.colcon_core.environment:checking '/home/ch03/name_ws/install/imu_bno055' for CMake module files
[2.387s] Level 1:colcon.colcon_core.environment:checking '/home/ch03/name_ws/install/imu_bno055' for CMake config files
[2.388s] Level 1:colcon.colcon_core.shell:create_environment_hook('imu_bno055', 'cmake_prefix_path')
[2.389s] INFO:colcon.colcon_core.shell:Creating environment hook '/home/ch03/name_ws/install/imu_bno055/share/imu_bno055/hook/cmake_prefix_path.ps1'
[2.392s] INFO:colcon.colcon_core.shell:Creating environment descriptor '/home/ch03/name_ws/install/imu_bno055/share/imu_bno055/hook/cmake_prefix_path.dsv'
[2.394s] INFO:colcon.colcon_core.shell:Creating environment hook '/home/ch03/name_ws/install/imu_bno055/share/imu_bno055/hook/cmake_prefix_path.sh'
[2.398s] Level 1:colcon.colcon_core.environment:checking '/home/ch03/name_ws/install/imu_bno055/lib'
[2.399s] Level 1:colcon.colcon_core.environment:checking '/home/ch03/name_ws/install/imu_bno055/bin'
[2.399s] Level 1:colcon.colcon_core.environment:checking '/home/ch03/name_ws/install/imu_bno055/lib/pkgconfig/imu_bno055.pc'
[2.401s] Level 1:colcon.colcon_core.environment:checking '/home/ch03/name_ws/install/imu_bno055/lib/python3.10/site-packages'
[2.402s] Level 1:colcon.colcon_core.environment:checking '/home/ch03/name_ws/install/imu_bno055/bin'
[2.404s] INFO:colcon.colcon_core.shell:Creating package script '/home/ch03/name_ws/install/imu_bno055/share/imu_bno055/package.ps1'
[2.407s] INFO:colcon.colcon_core.shell:Creating package descriptor '/home/ch03/name_ws/install/imu_bno055/share/imu_bno055/package.dsv'
[2.410s] INFO:colcon.colcon_core.shell:Creating package script '/home/ch03/name_ws/install/imu_bno055/share/imu_bno055/package.sh'
[2.413s] INFO:colcon.colcon_core.shell:Creating package script '/home/ch03/name_ws/install/imu_bno055/share/imu_bno055/package.bash'
[2.416s] INFO:colcon.colcon_core.shell:Creating package script '/home/ch03/name_ws/install/imu_bno055/share/imu_bno055/package.zsh'
[2.420s] Level 1:colcon.colcon_core.environment:create_file_with_runtime_dependencies(/home/ch03/name_ws/install/imu_bno055/share/colcon-core/packages/imu_bno055)
[3.485s] DEBUG:colcon.colcon_core.event_handler.log_command:Invoked command in '/home/ch03/name_ws/build/timbot_navigation' returned '0': CMAKE_PREFIX_PATH=${CMAKE_PREFIX_PATH}:/opt/ros/humble /usr/bin/cmake --build /home/ch03/name_ws/build/timbot_navigation -- -j4 -l4
[3.497s] DEBUG:colcon.colcon_core.event_handler.log_command:Invoking command in '/home/ch03/name_ws/build/timbot_navigation': CMAKE_PREFIX_PATH=${CMAKE_PREFIX_PATH}:/opt/ros/humble /usr/bin/cmake --install /home/ch03/name_ws/build/timbot_navigation
[3.733s] Level 1:colcon.colcon_core.environment:create_environment_scripts_only(timbot_navigation)
[3.734s] Level 1:colcon.colcon_core.environment:checking '/home/ch03/name_ws/install/timbot_navigation' for CMake module files
[3.736s] DEBUG:colcon.colcon_core.event_handler.log_command:Invoked command in '/home/ch03/name_ws/build/timbot_navigation' returned '0': CMAKE_PREFIX_PATH=${CMAKE_PREFIX_PATH}:/opt/ros/humble /usr/bin/cmake --install /home/ch03/name_ws/build/timbot_navigation
[3.739s] Level 1:colcon.colcon_core.environment:checking '/home/ch03/name_ws/install/timbot_navigation' for CMake config files
[3.742s] Level 1:colcon.colcon_core.shell:create_environment_hook('timbot_navigation', 'cmake_prefix_path')
[3.743s] INFO:colcon.colcon_core.shell:Creating environment hook '/home/ch03/name_ws/install/timbot_navigation/share/timbot_navigation/hook/cmake_prefix_path.ps1'
[3.746s] INFO:colcon.colcon_core.shell:Creating environment descriptor '/home/ch03/name_ws/install/timbot_navigation/share/timbot_navigation/hook/cmake_prefix_path.dsv'
[3.748s] INFO:colcon.colcon_core.shell:Creating environment hook '/home/ch03/name_ws/install/timbot_navigation/share/timbot_navigation/hook/cmake_prefix_path.sh'
[3.752s] Level 1:colcon.colcon_core.environment:checking '/home/ch03/name_ws/install/timbot_navigation/lib'
[3.753s] Level 1:colcon.colcon_core.environment:checking '/home/ch03/name_ws/install/timbot_navigation/bin'
[3.753s] Level 1:colcon.colcon_core.environment:checking '/home/ch03/name_ws/install/timbot_navigation/lib/pkgconfig/timbot_navigation.pc'
[3.754s] Level 1:colcon.colcon_core.environment:checking '/home/ch03/name_ws/install/timbot_navigation/lib/python3.10/site-packages'
[3.755s] Level 1:colcon.colcon_core.environment:checking '/home/ch03/name_ws/install/timbot_navigation/bin'
[3.756s] INFO:colcon.colcon_core.shell:Creating package script '/home/ch03/name_ws/install/timbot_navigation/share/timbot_navigation/package.ps1'
[3.759s] INFO:colcon.colcon_core.shell:Creating package descriptor '/home/ch03/name_ws/install/timbot_navigation/share/timbot_navigation/package.dsv'
[3.762s] INFO:colcon.colcon_core.shell:Creating package script '/home/ch03/name_ws/install/timbot_navigation/share/timbot_navigation/package.sh'
[3.764s] INFO:colcon.colcon_core.shell:Creating package script '/home/ch03/name_ws/install/timbot_navigation/share/timbot_navigation/package.bash'
[3.767s] INFO:colcon.colcon_core.shell:Creating package script '/home/ch03/name_ws/install/timbot_navigation/share/timbot_navigation/package.zsh'
[3.769s] Level 1:colcon.colcon_core.environment:create_file_with_runtime_dependencies(/home/ch03/name_ws/install/timbot_navigation/share/colcon-core/packages/timbot_navigation)
[3.772s] Level 1:colcon.colcon_core.environment:create_environment_scripts_only(timbot_navigation)
[3.773s] Level 1:colcon.colcon_core.environment:checking '/home/ch03/name_ws/install/timbot_navigation' for CMake module files
[3.776s] Level 1:colcon.colcon_core.environment:checking '/home/ch03/name_ws/install/timbot_navigation' for CMake config files
[3.780s] Level 1:colcon.colcon_core.shell:create_environment_hook('timbot_navigation', 'cmake_prefix_path')
[3.781s] INFO:colcon.colcon_core.shell:Creating environment hook '/home/ch03/name_ws/install/timbot_navigation/share/timbot_navigation/hook/cmake_prefix_path.ps1'
[3.783s] INFO:colcon.colcon_core.shell:Creating environment descriptor '/home/ch03/name_ws/install/timbot_navigation/share/timbot_navigation/hook/cmake_prefix_path.dsv'
[3.785s] INFO:colcon.colcon_core.shell:Creating environment hook '/home/ch03/name_ws/install/timbot_navigation/share/timbot_navigation/hook/cmake_prefix_path.sh'
[3.788s] Level 1:colcon.colcon_core.environment:checking '/home/ch03/name_ws/install/timbot_navigation/lib'
[3.789s] Level 1:colcon.colcon_core.environment:checking '/home/ch03/name_ws/install/timbot_navigation/bin'
[3.789s] Level 1:colcon.colcon_core.environment:checking '/home/ch03/name_ws/install/timbot_navigation/lib/pkgconfig/timbot_navigation.pc'
[3.791s] Level 1:colcon.colcon_core.environment:checking '/home/ch03/name_ws/install/timbot_navigation/lib/python3.10/site-packages'
[3.792s] Level 1:colcon.colcon_core.environment:checking '/home/ch03/name_ws/install/timbot_navigation/bin'
[3.793s] INFO:colcon.colcon_core.shell:Creating package script '/home/ch03/name_ws/install/timbot_navigation/share/timbot_navigation/package.ps1'
[3.796s] INFO:colcon.colcon_core.shell:Creating package descriptor '/home/ch03/name_ws/install/timbot_navigation/share/timbot_navigation/package.dsv'
[3.798s] INFO:colcon.colcon_core.shell:Creating package script '/home/ch03/name_ws/install/timbot_navigation/share/timbot_navigation/package.sh'
[3.801s] INFO:colcon.colcon_core.shell:Creating package script '/home/ch03/name_ws/install/timbot_navigation/share/timbot_navigation/package.bash'
[3.803s] INFO:colcon.colcon_core.shell:Creating package script '/home/ch03/name_ws/install/timbot_navigation/share/timbot_navigation/package.zsh'
[3.806s] Level 1:colcon.colcon_core.environment:create_file_with_runtime_dependencies(/home/ch03/name_ws/install/timbot_navigation/share/colcon-core/packages/timbot_navigation)
[3.807s] DEBUG:colcon.colcon_parallel_executor.executor.parallel:closing loop
[3.809s] DEBUG:colcon.colcon_parallel_executor.executor.parallel:loop closed
[3.809s] DEBUG:colcon.colcon_parallel_executor.executor.parallel:run_until_complete finished with '0'
[3.810s] DEBUG:colcon.colcon_core.event_reactor:joining thread
[3.835s] INFO:colcon.colcon_core.plugin_system:Skipping extension 'colcon_notification.desktop_notification.notify_send': Could not find 'notify-send'
[3.835s] INFO:colcon.colcon_core.plugin_system:Skipping extension 'colcon_notification.desktop_notification.terminal_notifier': Not used on non-Darwin systems
[3.836s] INFO:colcon.colcon_core.plugin_system:Skipping extension 'colcon_notification.desktop_notification.win32': Not used on non-Windows systems
[3.836s] INFO:colcon.colcon_notification.desktop_notification:Sending desktop notification using 'notify2'
[3.840s] DEBUG:colcon.colcon_notification.desktop_notification.notify2:Failed to initialize notify2: org.freedesktop.DBus.Error.ServiceUnknown: The name org.freedesktop.Notifications was not provided by any .service files
[3.841s] DEBUG:colcon.colcon_core.event_reactor:joined thread
[3.842s] INFO:colcon.colcon_core.shell:Creating prefix script '/home/ch03/name_ws/install/local_setup.ps1'
[3.847s] INFO:colcon.colcon_core.shell:Creating prefix util module '/home/ch03/name_ws/install/_local_setup_util_ps1.py'
[3.856s] INFO:colcon.colcon_core.shell:Creating prefix chain script '/home/ch03/name_ws/install/setup.ps1'
[3.861s] INFO:colcon.colcon_core.shell:Creating prefix script '/home/ch03/name_ws/install/local_setup.sh'
[3.864s] INFO:colcon.colcon_core.shell:Creating prefix util module '/home/ch03/name_ws/install/_local_setup_util_sh.py'
[3.867s] INFO:colcon.colcon_core.shell:Creating prefix chain script '/home/ch03/name_ws/install/setup.sh'
[3.873s] INFO:colcon.colcon_core.shell:Creating prefix script '/home/ch03/name_ws/install/local_setup.bash'
[3.875s] INFO:colcon.colcon_core.shell:Creating prefix chain script '/home/ch03/name_ws/install/setup.bash'
[3.881s] INFO:colcon.colcon_core.shell:Creating prefix script '/home/ch03/name_ws/install/local_setup.zsh'
[3.884s] INFO:colcon.colcon_core.shell:Creating prefix chain script '/home/ch03/name_ws/install/setup.zsh'
