[0.865s] DEBUG:colcon:Command line arguments: ['/usr/bin/colcon', 'build']
[0.866s] DEBUG:colcon:Parsed command line arguments: Namespace(log_base=None, log_level=None, verb_name='build', build_base='build', install_base='install', merge_install=False, symlink_install=False, test_result_base=None, continue_on_error=False, executor='parallel', parallel_workers=4, event_handlers=None, ignore_user_meta=False, metas=['./colcon.meta'], base_paths=['.'], packages_ignore=None, packages_ignore_regex=None, paths=None, packages_up_to=None, packages_up_to_regex=None, packages_above=None, packages_above_and_dependencies=None, packages_above_depth=None, packages_select_by_dep=None, packages_skip_by_dep=None, packages_skip_up_to=None, packages_select_build_failed=False, packages_skip_build_finished=False, packages_select_test_failures=False, packages_skip_test_passed=False, packages_select=None, packages_skip=None, packages_select_regex=None, packages_skip_regex=None, packages_start=None, packages_end=None, allow_overriding=[], cmake_args=None, cmake_target=None, cmake_target_skip_unavailable=False, cmake_clean_cache=False, cmake_clean_first=False, cmake_force_configure=False, ament_cmake_args=None, catkin_cmake_args=None, catkin_skip_building_tests=False, verb_parser=<colcon_defaults.argument_parser.defaults.DefaultArgumentsDecorator object at 0xffffb5c8a680>, verb_extension=<colcon_core.verb.build.BuildVerb object at 0xffffb612feb0>, main=<bound method BuildVerb.main of <colcon_core.verb.build.BuildVerb object at 0xffffb612feb0>>)
[2.015s] Level 1:colcon.colcon_core.package_discovery:discover_packages(colcon_meta) check parameters
[2.017s] Level 1:colcon.colcon_core.package_discovery:discover_packages(recursive) check parameters
[2.017s] Level 1:colcon.colcon_core.package_discovery:discover_packages(ignore) check parameters
[2.018s] Level 1:colcon.colcon_core.package_discovery:discover_packages(path) check parameters
[2.019s] Level 1:colcon.colcon_core.package_discovery:discover_packages(colcon_meta) discover
[2.020s] Level 1:colcon.colcon_core.package_discovery:discover_packages(recursive) discover
[2.021s] INFO:colcon.colcon_core.package_discovery:Crawling recursively for packages in '/home/ch03/name_ws'
[2.023s] Level 1:colcon.colcon_core.package_identification:_identify(.) by extensions ['ignore', 'ignore_ament_install']
[2.025s] Level 1:colcon.colcon_core.package_identification:_identify(.) by extension 'ignore'
[2.026s] Level 1:colcon.colcon_core.package_identification:_identify(.) by extension 'ignore_ament_install'
[2.027s] Level 1:colcon.colcon_core.package_identification:_identify(.) by extensions ['colcon_pkg']
[2.028s] Level 1:colcon.colcon_core.package_identification:_identify(.) by extension 'colcon_pkg'
[2.029s] Level 1:colcon.colcon_core.package_identification:_identify(.) by extensions ['colcon_meta']
[2.030s] Level 1:colcon.colcon_core.package_identification:_identify(.) by extension 'colcon_meta'
[2.031s] Level 1:colcon.colcon_core.package_identification:_identify(.) by extensions ['ros']
[2.032s] Level 1:colcon.colcon_core.package_identification:_identify(.) by extension 'ros'
[2.109s] Level 1:colcon.colcon_core.package_identification:_identify(.) by extensions ['cmake', 'python']
[2.110s] Level 1:colcon.colcon_core.package_identification:_identify(.) by extension 'cmake'
[2.111s] Level 1:colcon.colcon_core.package_identification:_identify(.) by extension 'python'
[2.112s] Level 1:colcon.colcon_core.package_identification:_identify(.) by extensions ['python_setup_py']
[2.112s] Level 1:colcon.colcon_core.package_identification:_identify(.) by extension 'python_setup_py'
[2.114s] Level 1:colcon.colcon_core.package_identification:_identify(build) by extensions ['ignore', 'ignore_ament_install']
[2.115s] Level 1:colcon.colcon_core.package_identification:_identify(build) by extension 'ignore'
[2.116s] Level 1:colcon.colcon_core.package_identification:_identify(build) ignored
[2.117s] Level 1:colcon.colcon_core.package_identification:_identify(install) by extensions ['ignore', 'ignore_ament_install']
[2.118s] Level 1:colcon.colcon_core.package_identification:_identify(install) by extension 'ignore'
[2.119s] Level 1:colcon.colcon_core.package_identification:_identify(install) ignored
[2.121s] Level 1:colcon.colcon_core.package_identification:_identify(log) by extensions ['ignore', 'ignore_ament_install']
[2.122s] Level 1:colcon.colcon_core.package_identification:_identify(log) by extension 'ignore'
[2.123s] Level 1:colcon.colcon_core.package_identification:_identify(log) ignored
[2.124s] Level 1:colcon.colcon_core.package_identification:_identify(src) by extensions ['ignore', 'ignore_ament_install']
[2.125s] Level 1:colcon.colcon_core.package_identification:_identify(src) by extension 'ignore'
[2.126s] Level 1:colcon.colcon_core.package_identification:_identify(src) by extension 'ignore_ament_install'
[2.127s] Level 1:colcon.colcon_core.package_identification:_identify(src) by extensions ['colcon_pkg']
[2.127s] Level 1:colcon.colcon_core.package_identification:_identify(src) by extension 'colcon_pkg'
[2.128s] Level 1:colcon.colcon_core.package_identification:_identify(src) by extensions ['colcon_meta']
[2.128s] Level 1:colcon.colcon_core.package_identification:_identify(src) by extension 'colcon_meta'
[2.128s] Level 1:colcon.colcon_core.package_identification:_identify(src) by extensions ['ros']
[2.129s] Level 1:colcon.colcon_core.package_identification:_identify(src) by extension 'ros'
[2.129s] Level 1:colcon.colcon_core.package_identification:_identify(src) by extensions ['cmake', 'python']
[2.130s] Level 1:colcon.colcon_core.package_identification:_identify(src) by extension 'cmake'
[2.130s] Level 1:colcon.colcon_core.package_identification:_identify(src) by extension 'python'
[2.130s] Level 1:colcon.colcon_core.package_identification:_identify(src) by extensions ['python_setup_py']
[2.131s] Level 1:colcon.colcon_core.package_identification:_identify(src) by extension 'python_setup_py'
[2.132s] Level 1:colcon.colcon_core.package_identification:_identify(src/ros-imu-bno055) by extensions ['ignore', 'ignore_ament_install']
[2.132s] Level 1:colcon.colcon_core.package_identification:_identify(src/ros-imu-bno055) by extension 'ignore'
[2.133s] Level 1:colcon.colcon_core.package_identification:_identify(src/ros-imu-bno055) by extension 'ignore_ament_install'
[2.133s] Level 1:colcon.colcon_core.package_identification:_identify(src/ros-imu-bno055) by extensions ['colcon_pkg']
[2.134s] Level 1:colcon.colcon_core.package_identification:_identify(src/ros-imu-bno055) by extension 'colcon_pkg'
[2.134s] Level 1:colcon.colcon_core.package_identification:_identify(src/ros-imu-bno055) by extensions ['colcon_meta']
[2.134s] Level 1:colcon.colcon_core.package_identification:_identify(src/ros-imu-bno055) by extension 'colcon_meta'
[2.135s] Level 1:colcon.colcon_core.package_identification:_identify(src/ros-imu-bno055) by extensions ['ros']
[2.135s] Level 1:colcon.colcon_core.package_identification:_identify(src/ros-imu-bno055) by extension 'ros'
[2.159s] DEBUG:colcon.colcon_core.package_identification:Package 'src/ros-imu-bno055' with type 'ros.ament_cmake' and name 'imu_bno055'
[2.160s] Level 1:colcon.colcon_core.package_identification:_identify(src/timbot_navigation) by extensions ['ignore', 'ignore_ament_install']
[2.160s] Level 1:colcon.colcon_core.package_identification:_identify(src/timbot_navigation) by extension 'ignore'
[2.161s] Level 1:colcon.colcon_core.package_identification:_identify(src/timbot_navigation) by extension 'ignore_ament_install'
[2.161s] Level 1:colcon.colcon_core.package_identification:_identify(src/timbot_navigation) by extensions ['colcon_pkg']
[2.162s] Level 1:colcon.colcon_core.package_identification:_identify(src/timbot_navigation) by extension 'colcon_pkg'
[2.162s] Level 1:colcon.colcon_core.package_identification:_identify(src/timbot_navigation) by extensions ['colcon_meta']
[2.163s] Level 1:colcon.colcon_core.package_identification:_identify(src/timbot_navigation) by extension 'colcon_meta'
[2.163s] Level 1:colcon.colcon_core.package_identification:_identify(src/timbot_navigation) by extensions ['ros']
[2.163s] Level 1:colcon.colcon_core.package_identification:_identify(src/timbot_navigation) by extension 'ros'
[2.168s] DEBUG:colcon.colcon_core.package_identification:Package 'src/timbot_navigation' with type 'ros.ament_cmake' and name 'timbot_navigation'
[2.169s] Level 1:colcon.colcon_core.package_discovery:discover_packages(recursive) using defaults
[2.169s] Level 1:colcon.colcon_core.package_discovery:discover_packages(ignore) discover
[2.169s] Level 1:colcon.colcon_core.package_discovery:discover_packages(ignore) using defaults
[2.169s] Level 1:colcon.colcon_core.package_discovery:discover_packages(path) discover
[2.170s] Level 1:colcon.colcon_core.package_discovery:discover_packages(path) using defaults
[2.346s] Level 1:colcon.colcon_core.package_discovery:discover_packages(prefix_path) check parameters
[2.347s] Level 1:colcon.colcon_core.package_discovery:discover_packages(prefix_path) discover
[2.359s] DEBUG:colcon.colcon_installed_package_information.package_discovery:Found 2 installed packages in /home/ch03/name_ws/install
[2.367s] DEBUG:colcon.colcon_installed_package_information.package_discovery:Found 181 installed packages in /opt/ros/humble
[2.373s] Level 1:colcon.colcon_core.package_discovery:discover_packages(prefix_path) using defaults
[2.573s] Level 5:colcon.colcon_core.verb:set package 'imu_bno055' build argument 'cmake_args' from command line to 'None'
[2.574s] Level 5:colcon.colcon_core.verb:set package 'imu_bno055' build argument 'cmake_target' from command line to 'None'
[2.574s] Level 5:colcon.colcon_core.verb:set package 'imu_bno055' build argument 'cmake_target_skip_unavailable' from command line to 'False'
[2.575s] Level 5:colcon.colcon_core.verb:set package 'imu_bno055' build argument 'cmake_clean_cache' from command line to 'False'
[2.576s] Level 5:colcon.colcon_core.verb:set package 'imu_bno055' build argument 'cmake_clean_first' from command line to 'False'
[2.577s] Level 5:colcon.colcon_core.verb:set package 'imu_bno055' build argument 'cmake_force_configure' from command line to 'False'
[2.578s] Level 5:colcon.colcon_core.verb:set package 'imu_bno055' build argument 'ament_cmake_args' from command line to 'None'
[2.579s] Level 5:colcon.colcon_core.verb:set package 'imu_bno055' build argument 'catkin_cmake_args' from command line to 'None'
[2.580s] Level 5:colcon.colcon_core.verb:set package 'imu_bno055' build argument 'catkin_skip_building_tests' from command line to 'False'
[2.581s] DEBUG:colcon.colcon_core.verb:Building package 'imu_bno055' with the following arguments: {'ament_cmake_args': None, 'build_base': '/home/ch03/name_ws/build/imu_bno055', 'catkin_cmake_args': None, 'catkin_skip_building_tests': False, 'cmake_args': None, 'cmake_clean_cache': False, 'cmake_clean_first': False, 'cmake_force_configure': False, 'cmake_target': None, 'cmake_target_skip_unavailable': False, 'install_base': '/home/ch03/name_ws/install/imu_bno055', 'merge_install': False, 'path': '/home/ch03/name_ws/src/ros-imu-bno055', 'symlink_install': False, 'test_result_base': None}
[2.585s] Level 5:colcon.colcon_core.verb:set package 'timbot_navigation' build argument 'cmake_args' from command line to 'None'
[2.586s] Level 5:colcon.colcon_core.verb:set package 'timbot_navigation' build argument 'cmake_target' from command line to 'None'
[2.586s] Level 5:colcon.colcon_core.verb:set package 'timbot_navigation' build argument 'cmake_target_skip_unavailable' from command line to 'False'
[2.587s] Level 5:colcon.colcon_core.verb:set package 'timbot_navigation' build argument 'cmake_clean_cache' from command line to 'False'
[2.589s] Level 5:colcon.colcon_core.verb:set package 'timbot_navigation' build argument 'cmake_clean_first' from command line to 'False'
[2.590s] Level 5:colcon.colcon_core.verb:set package 'timbot_navigation' build argument 'cmake_force_configure' from command line to 'False'
[2.591s] Level 5:colcon.colcon_core.verb:set package 'timbot_navigation' build argument 'ament_cmake_args' from command line to 'None'
[2.592s] Level 5:colcon.colcon_core.verb:set package 'timbot_navigation' build argument 'catkin_cmake_args' from command line to 'None'
[2.593s] Level 5:colcon.colcon_core.verb:set package 'timbot_navigation' build argument 'catkin_skip_building_tests' from command line to 'False'
[2.594s] DEBUG:colcon.colcon_core.verb:Building package 'timbot_navigation' with the following arguments: {'ament_cmake_args': None, 'build_base': '/home/ch03/name_ws/build/timbot_navigation', 'catkin_cmake_args': None, 'catkin_skip_building_tests': False, 'cmake_args': None, 'cmake_clean_cache': False, 'cmake_clean_first': False, 'cmake_force_configure': False, 'cmake_target': None, 'cmake_target_skip_unavailable': False, 'install_base': '/home/ch03/name_ws/install/timbot_navigation', 'merge_install': False, 'path': '/home/ch03/name_ws/src/timbot_navigation', 'symlink_install': False, 'test_result_base': None}
[2.595s] INFO:colcon.colcon_core.executor:Executing jobs using 'parallel' executor
[2.601s] DEBUG:colcon.colcon_parallel_executor.executor.parallel:run_until_complete
[2.603s] INFO:colcon.colcon_ros.task.ament_cmake.build:Building ROS package in '/home/ch03/name_ws/src/ros-imu-bno055' with build type 'ament_cmake'
[2.604s] INFO:colcon.colcon_cmake.task.cmake.build:Building CMake package in '/home/ch03/name_ws/src/ros-imu-bno055'
[2.620s] INFO:colcon.colcon_core.plugin_system:Skipping extension 'colcon_core.shell.bat': Not used on non-Windows systems
[2.625s] INFO:colcon.colcon_core.shell:Skip shell extension 'powershell' for command environment: Not usable outside of PowerShell
[2.626s] DEBUG:colcon.colcon_core.shell:Skip shell extension 'dsv' for command environment
[2.661s] INFO:colcon.colcon_ros.task.ament_cmake.build:Building ROS package in '/home/ch03/name_ws/src/timbot_navigation' with build type 'ament_cmake'
[2.662s] INFO:colcon.colcon_cmake.task.cmake.build:Building CMake package in '/home/ch03/name_ws/src/timbot_navigation'
[2.663s] INFO:colcon.colcon_core.shell:Skip shell extension 'powershell' for command environment: Not usable outside of PowerShell
[2.664s] DEBUG:colcon.colcon_core.shell:Skip shell extension 'dsv' for command environment
[2.738s] DEBUG:colcon.colcon_core.event_handler.log_command:Invoking command in '/home/ch03/name_ws/build/imu_bno055': CMAKE_PREFIX_PATH=${CMAKE_PREFIX_PATH}:/opt/ros/humble /usr/bin/cmake --build /home/ch03/name_ws/build/imu_bno055 -- -j4 -l4
[2.780s] DEBUG:colcon.colcon_core.event_handler.log_command:Invoking command in '/home/ch03/name_ws/build/timbot_navigation': CMAKE_PREFIX_PATH=${CMAKE_PREFIX_PATH}:/opt/ros/humble /usr/bin/cmake --build /home/ch03/name_ws/build/timbot_navigation -- -j4 -l4
[3.335s] DEBUG:colcon.colcon_core.event_handler.log_command:Invoked command in '/home/ch03/name_ws/build/imu_bno055' returned '0': CMAKE_PREFIX_PATH=${CMAKE_PREFIX_PATH}:/opt/ros/humble /usr/bin/cmake --build /home/ch03/name_ws/build/imu_bno055 -- -j4 -l4
[3.394s] DEBUG:colcon.colcon_core.event_handler.log_command:Invoking command in '/home/ch03/name_ws/build/imu_bno055': CMAKE_PREFIX_PATH=${CMAKE_PREFIX_PATH}:/opt/ros/humble /usr/bin/cmake --install /home/ch03/name_ws/build/imu_bno055
[3.456s] Level 1:colcon.colcon_core.environment:create_environment_scripts_only(imu_bno055)
[3.474s] DEBUG:colcon.colcon_core.event_handler.log_command:Invoked command in '/home/ch03/name_ws/build/imu_bno055' returned '0': CMAKE_PREFIX_PATH=${CMAKE_PREFIX_PATH}:/opt/ros/humble /usr/bin/cmake --install /home/ch03/name_ws/build/imu_bno055
[3.498s] Level 1:colcon.colcon_core.environment:checking '/home/ch03/name_ws/install/imu_bno055' for CMake module files
[3.503s] Level 1:colcon.colcon_core.environment:checking '/home/ch03/name_ws/install/imu_bno055' for CMake config files
[3.507s] Level 1:colcon.colcon_core.shell:create_environment_hook('imu_bno055', 'cmake_prefix_path')
[3.510s] INFO:colcon.colcon_core.shell:Creating environment hook '/home/ch03/name_ws/install/imu_bno055/share/imu_bno055/hook/cmake_prefix_path.ps1'
[3.520s] INFO:colcon.colcon_core.shell:Creating environment descriptor '/home/ch03/name_ws/install/imu_bno055/share/imu_bno055/hook/cmake_prefix_path.dsv'
[3.526s] INFO:colcon.colcon_core.shell:Creating environment hook '/home/ch03/name_ws/install/imu_bno055/share/imu_bno055/hook/cmake_prefix_path.sh'
[3.534s] Level 1:colcon.colcon_core.environment:checking '/home/ch03/name_ws/install/imu_bno055/lib'
[3.536s] Level 1:colcon.colcon_core.environment:checking '/home/ch03/name_ws/install/imu_bno055/bin'
[3.538s] Level 1:colcon.colcon_core.environment:checking '/home/ch03/name_ws/install/imu_bno055/lib/pkgconfig/imu_bno055.pc'
[3.540s] Level 1:colcon.colcon_core.environment:checking '/home/ch03/name_ws/install/imu_bno055/lib/python3.10/site-packages'
[3.542s] Level 1:colcon.colcon_core.environment:checking '/home/ch03/name_ws/install/imu_bno055/bin'
[3.544s] INFO:colcon.colcon_core.shell:Creating package script '/home/ch03/name_ws/install/imu_bno055/share/imu_bno055/package.ps1'
[3.551s] INFO:colcon.colcon_core.shell:Creating package descriptor '/home/ch03/name_ws/install/imu_bno055/share/imu_bno055/package.dsv'
[3.556s] INFO:colcon.colcon_core.shell:Creating package script '/home/ch03/name_ws/install/imu_bno055/share/imu_bno055/package.sh'
[3.563s] INFO:colcon.colcon_core.shell:Creating package script '/home/ch03/name_ws/install/imu_bno055/share/imu_bno055/package.bash'
[3.569s] INFO:colcon.colcon_core.shell:Creating package script '/home/ch03/name_ws/install/imu_bno055/share/imu_bno055/package.zsh'
[3.576s] Level 1:colcon.colcon_core.environment:create_file_with_runtime_dependencies(/home/ch03/name_ws/install/imu_bno055/share/colcon-core/packages/imu_bno055)
[3.580s] Level 1:colcon.colcon_core.environment:create_environment_scripts_only(imu_bno055)
[3.582s] Level 1:colcon.colcon_core.environment:checking '/home/ch03/name_ws/install/imu_bno055' for CMake module files
[3.586s] Level 1:colcon.colcon_core.environment:checking '/home/ch03/name_ws/install/imu_bno055' for CMake config files
[3.589s] Level 1:colcon.colcon_core.shell:create_environment_hook('imu_bno055', 'cmake_prefix_path')
[3.591s] INFO:colcon.colcon_core.shell:Creating environment hook '/home/ch03/name_ws/install/imu_bno055/share/imu_bno055/hook/cmake_prefix_path.ps1'
[3.596s] INFO:colcon.colcon_core.shell:Creating environment descriptor '/home/ch03/name_ws/install/imu_bno055/share/imu_bno055/hook/cmake_prefix_path.dsv'
[3.602s] INFO:colcon.colcon_core.shell:Creating environment hook '/home/ch03/name_ws/install/imu_bno055/share/imu_bno055/hook/cmake_prefix_path.sh'
[3.608s] Level 1:colcon.colcon_core.environment:checking '/home/ch03/name_ws/install/imu_bno055/lib'
[3.610s] Level 1:colcon.colcon_core.environment:checking '/home/ch03/name_ws/install/imu_bno055/bin'
[3.611s] Level 1:colcon.colcon_core.environment:checking '/home/ch03/name_ws/install/imu_bno055/lib/pkgconfig/imu_bno055.pc'
[3.613s] Level 1:colcon.colcon_core.environment:checking '/home/ch03/name_ws/install/imu_bno055/lib/python3.10/site-packages'
[3.618s] Level 1:colcon.colcon_core.environment:checking '/home/ch03/name_ws/install/imu_bno055/bin'
[3.621s] INFO:colcon.colcon_core.shell:Creating package script '/home/ch03/name_ws/install/imu_bno055/share/imu_bno055/package.ps1'
[3.626s] INFO:colcon.colcon_core.shell:Creating package descriptor '/home/ch03/name_ws/install/imu_bno055/share/imu_bno055/package.dsv'
[3.632s] INFO:colcon.colcon_core.shell:Creating package script '/home/ch03/name_ws/install/imu_bno055/share/imu_bno055/package.sh'
[3.636s] INFO:colcon.colcon_core.shell:Creating package script '/home/ch03/name_ws/install/imu_bno055/share/imu_bno055/package.bash'
[3.640s] INFO:colcon.colcon_core.shell:Creating package script '/home/ch03/name_ws/install/imu_bno055/share/imu_bno055/package.zsh'
[3.645s] Level 1:colcon.colcon_core.environment:create_file_with_runtime_dependencies(/home/ch03/name_ws/install/imu_bno055/share/colcon-core/packages/imu_bno055)
[5.192s] DEBUG:colcon.colcon_core.event_handler.log_command:Invoked command in '/home/ch03/name_ws/build/timbot_navigation' returned '0': CMAKE_PREFIX_PATH=${CMAKE_PREFIX_PATH}:/opt/ros/humble /usr/bin/cmake --build /home/ch03/name_ws/build/timbot_navigation -- -j4 -l4
[5.217s] DEBUG:colcon.colcon_core.event_handler.log_command:Invoking command in '/home/ch03/name_ws/build/timbot_navigation': CMAKE_PREFIX_PATH=${CMAKE_PREFIX_PATH}:/opt/ros/humble /usr/bin/cmake --install /home/ch03/name_ws/build/timbot_navigation
[5.543s] Level 1:colcon.colcon_core.environment:create_environment_scripts_only(timbot_navigation)
[5.545s] Level 1:colcon.colcon_core.environment:checking '/home/ch03/name_ws/install/timbot_navigation' for CMake module files
[5.547s] DEBUG:colcon.colcon_core.event_handler.log_command:Invoked command in '/home/ch03/name_ws/build/timbot_navigation' returned '0': CMAKE_PREFIX_PATH=${CMAKE_PREFIX_PATH}:/opt/ros/humble /usr/bin/cmake --install /home/ch03/name_ws/build/timbot_navigation
[5.550s] Level 1:colcon.colcon_core.environment:checking '/home/ch03/name_ws/install/timbot_navigation' for CMake config files
[5.553s] Level 1:colcon.colcon_core.shell:create_environment_hook('timbot_navigation', 'cmake_prefix_path')
[5.554s] INFO:colcon.colcon_core.shell:Creating environment hook '/home/ch03/name_ws/install/timbot_navigation/share/timbot_navigation/hook/cmake_prefix_path.ps1'
[5.557s] INFO:colcon.colcon_core.shell:Creating environment descriptor '/home/ch03/name_ws/install/timbot_navigation/share/timbot_navigation/hook/cmake_prefix_path.dsv'
[5.559s] INFO:colcon.colcon_core.shell:Creating environment hook '/home/ch03/name_ws/install/timbot_navigation/share/timbot_navigation/hook/cmake_prefix_path.sh'
[5.562s] Level 1:colcon.colcon_core.environment:checking '/home/ch03/name_ws/install/timbot_navigation/lib'
[5.563s] Level 1:colcon.colcon_core.environment:checking '/home/ch03/name_ws/install/timbot_navigation/bin'
[5.563s] Level 1:colcon.colcon_core.environment:checking '/home/ch03/name_ws/install/timbot_navigation/lib/pkgconfig/timbot_navigation.pc'
[5.564s] Level 1:colcon.colcon_core.environment:checking '/home/ch03/name_ws/install/timbot_navigation/lib/python3.10/site-packages'
[5.565s] Level 1:colcon.colcon_core.environment:checking '/home/ch03/name_ws/install/timbot_navigation/bin'
[5.566s] INFO:colcon.colcon_core.shell:Creating package script '/home/ch03/name_ws/install/timbot_navigation/share/timbot_navigation/package.ps1'
[5.569s] INFO:colcon.colcon_core.shell:Creating package descriptor '/home/ch03/name_ws/install/timbot_navigation/share/timbot_navigation/package.dsv'
[5.571s] INFO:colcon.colcon_core.shell:Creating package script '/home/ch03/name_ws/install/timbot_navigation/share/timbot_navigation/package.sh'
[5.574s] INFO:colcon.colcon_core.shell:Creating package script '/home/ch03/name_ws/install/timbot_navigation/share/timbot_navigation/package.bash'
[5.576s] INFO:colcon.colcon_core.shell:Creating package script '/home/ch03/name_ws/install/timbot_navigation/share/timbot_navigation/package.zsh'
[5.578s] Level 1:colcon.colcon_core.environment:create_file_with_runtime_dependencies(/home/ch03/name_ws/install/timbot_navigation/share/colcon-core/packages/timbot_navigation)
[5.581s] Level 1:colcon.colcon_core.environment:create_environment_scripts_only(timbot_navigation)
[5.582s] Level 1:colcon.colcon_core.environment:checking '/home/ch03/name_ws/install/timbot_navigation' for CMake module files
[5.586s] Level 1:colcon.colcon_core.environment:checking '/home/ch03/name_ws/install/timbot_navigation' for CMake config files
[5.589s] Level 1:colcon.colcon_core.shell:create_environment_hook('timbot_navigation', 'cmake_prefix_path')
[5.590s] INFO:colcon.colcon_core.shell:Creating environment hook '/home/ch03/name_ws/install/timbot_navigation/share/timbot_navigation/hook/cmake_prefix_path.ps1'
[5.592s] INFO:colcon.colcon_core.shell:Creating environment descriptor '/home/ch03/name_ws/install/timbot_navigation/share/timbot_navigation/hook/cmake_prefix_path.dsv'
[5.594s] INFO:colcon.colcon_core.shell:Creating environment hook '/home/ch03/name_ws/install/timbot_navigation/share/timbot_navigation/hook/cmake_prefix_path.sh'
[5.597s] Level 1:colcon.colcon_core.environment:checking '/home/ch03/name_ws/install/timbot_navigation/lib'
[5.597s] Level 1:colcon.colcon_core.environment:checking '/home/ch03/name_ws/install/timbot_navigation/bin'
[5.598s] Level 1:colcon.colcon_core.environment:checking '/home/ch03/name_ws/install/timbot_navigation/lib/pkgconfig/timbot_navigation.pc'
[5.599s] Level 1:colcon.colcon_core.environment:checking '/home/ch03/name_ws/install/timbot_navigation/lib/python3.10/site-packages'
[5.600s] Level 1:colcon.colcon_core.environment:checking '/home/ch03/name_ws/install/timbot_navigation/bin'
[5.601s] INFO:colcon.colcon_core.shell:Creating package script '/home/ch03/name_ws/install/timbot_navigation/share/timbot_navigation/package.ps1'
[5.604s] INFO:colcon.colcon_core.shell:Creating package descriptor '/home/ch03/name_ws/install/timbot_navigation/share/timbot_navigation/package.dsv'
[5.607s] INFO:colcon.colcon_core.shell:Creating package script '/home/ch03/name_ws/install/timbot_navigation/share/timbot_navigation/package.sh'
[5.609s] INFO:colcon.colcon_core.shell:Creating package script '/home/ch03/name_ws/install/timbot_navigation/share/timbot_navigation/package.bash'
[5.612s] INFO:colcon.colcon_core.shell:Creating package script '/home/ch03/name_ws/install/timbot_navigation/share/timbot_navigation/package.zsh'
[5.615s] Level 1:colcon.colcon_core.environment:create_file_with_runtime_dependencies(/home/ch03/name_ws/install/timbot_navigation/share/colcon-core/packages/timbot_navigation)
[5.617s] DEBUG:colcon.colcon_parallel_executor.executor.parallel:closing loop
[5.618s] DEBUG:colcon.colcon_parallel_executor.executor.parallel:loop closed
[5.620s] DEBUG:colcon.colcon_parallel_executor.executor.parallel:run_until_complete finished with '0'
[5.621s] DEBUG:colcon.colcon_core.event_reactor:joining thread
[5.653s] INFO:colcon.colcon_core.plugin_system:Skipping extension 'colcon_notification.desktop_notification.notify_send': Could not find 'notify-send'
[5.654s] INFO:colcon.colcon_core.plugin_system:Skipping extension 'colcon_notification.desktop_notification.terminal_notifier': Not used on non-Darwin systems
[5.655s] INFO:colcon.colcon_core.plugin_system:Skipping extension 'colcon_notification.desktop_notification.win32': Not used on non-Windows systems
[5.655s] INFO:colcon.colcon_notification.desktop_notification:Sending desktop notification using 'notify2'
[5.659s] DEBUG:colcon.colcon_notification.desktop_notification.notify2:Failed to initialize notify2: org.freedesktop.DBus.Error.ServiceUnknown: The name org.freedesktop.Notifications was not provided by any .service files
[5.660s] DEBUG:colcon.colcon_core.event_reactor:joined thread
[5.661s] INFO:colcon.colcon_core.shell:Creating prefix script '/home/ch03/name_ws/install/local_setup.ps1'
[5.667s] INFO:colcon.colcon_core.shell:Creating prefix util module '/home/ch03/name_ws/install/_local_setup_util_ps1.py'
[5.676s] INFO:colcon.colcon_core.shell:Creating prefix chain script '/home/ch03/name_ws/install/setup.ps1'
[5.683s] INFO:colcon.colcon_core.shell:Creating prefix script '/home/ch03/name_ws/install/local_setup.sh'
[5.687s] INFO:colcon.colcon_core.shell:Creating prefix util module '/home/ch03/name_ws/install/_local_setup_util_sh.py'
[5.695s] INFO:colcon.colcon_core.shell:Creating prefix chain script '/home/ch03/name_ws/install/setup.sh'
[5.702s] INFO:colcon.colcon_core.shell:Creating prefix script '/home/ch03/name_ws/install/local_setup.bash'
[5.705s] INFO:colcon.colcon_core.shell:Creating prefix chain script '/home/ch03/name_ws/install/setup.bash'
[5.711s] INFO:colcon.colcon_core.shell:Creating prefix script '/home/ch03/name_ws/install/local_setup.zsh'
[5.715s] INFO:colcon.colcon_core.shell:Creating prefix chain script '/home/ch03/name_ws/install/setup.zsh'
