[0.066s] Invoking command in '/home/ch03/name_ws/build/imu_bno055': CMAKE_PREFIX_PATH=${CMAKE_PREFIX_PATH}:/opt/ros/humble /usr/bin/cmake --build /home/ch03/name_ws/build/imu_bno055 -- -j4 -l4
[0.278s] [35m[1mConsolidate compiler generated dependencies of target bno055_i2c_node[0m
[0.419s] [100%] Built target bno055_i2c_node
[0.466s] Invoked command in '/home/ch03/name_ws/build/imu_bno055' returned '0': CMAKE_PREFIX_PATH=${CMAKE_PREFIX_PATH}:/opt/ros/humble /usr/bin/cmake --build /home/ch03/name_ws/build/imu_bno055 -- -j4 -l4
[0.515s] Invoking command in '/home/ch03/name_ws/build/imu_bno055': CMAKE_PREFIX_PATH=${CMAKE_PREFIX_PATH}:/opt/ros/humble /usr/bin/cmake --install /home/ch03/name_ws/build/imu_bno055
[0.556s] -- Install configuration: ""
[0.557s] -- Up-to-date: /home/ch03/name_ws/install/imu_bno055/lib/imu_bno055/bno055_i2c_node
[0.559s] -- Up-to-date: /home/ch03/name_ws/install/imu_bno055/share/ament_index/resource_index/package_run_dependencies/imu_bno055
[0.560s] -- Up-to-date: /home/ch03/name_ws/install/imu_bno055/share/ament_index/resource_index/parent_prefix_path/imu_bno055
[0.562s] -- Up-to-date: /home/ch03/name_ws/install/imu_bno055/share/imu_bno055/environment/ament_prefix_path.sh
[0.563s] -- Up-to-date: /home/ch03/name_ws/install/imu_bno055/share/imu_bno055/environment/ament_prefix_path.dsv
[0.564s] -- Up-to-date: /home/ch03/name_ws/install/imu_bno055/share/imu_bno055/environment/path.sh
[0.565s] -- Up-to-date: /home/ch03/name_ws/install/imu_bno055/share/imu_bno055/environment/path.dsv
[0.566s] -- Up-to-date: /home/ch03/name_ws/install/imu_bno055/share/imu_bno055/local_setup.bash
[0.567s] -- Up-to-date: /home/ch03/name_ws/install/imu_bno055/share/imu_bno055/local_setup.sh
[0.568s] -- Up-to-date: /home/ch03/name_ws/install/imu_bno055/share/imu_bno055/local_setup.zsh
[0.569s] -- Up-to-date: /home/ch03/name_ws/install/imu_bno055/share/imu_bno055/local_setup.dsv
[0.570s] -- Installing: /home/ch03/name_ws/install/imu_bno055/share/imu_bno055/package.dsv
[0.571s] -- Up-to-date: /home/ch03/name_ws/install/imu_bno055/share/ament_index/resource_index/packages/imu_bno055
[0.571s] -- Up-to-date: /home/ch03/name_ws/install/imu_bno055/share/imu_bno055/cmake/imu_bno055Config.cmake
[0.572s] -- Up-to-date: /home/ch03/name_ws/install/imu_bno055/share/imu_bno055/cmake/imu_bno055Config-version.cmake
[0.573s] -- Up-to-date: /home/ch03/name_ws/install/imu_bno055/share/imu_bno055/package.xml
[0.598s] Invoked command in '/home/ch03/name_ws/build/imu_bno055' returned '0': CMAKE_PREFIX_PATH=${CMAKE_PREFIX_PATH}:/opt/ros/humble /usr/bin/cmake --install /home/ch03/name_ws/build/imu_bno055
