-- The C compiler identification is GNU 11.4.0
-- The CXX compiler identification is GNU 11.4.0
-- Detecting C compiler ABI info
-- Detecting C compiler ABI info - done
-- Check for working C compiler: /usr/bin/cc - skipped
-- Detecting C compile features
-- Detecting C compile features - done
-- Detecting CXX compiler ABI info
-- Detecting CXX compiler ABI info - done
-- Check for working CXX compiler: /usr/bin/c++ - skipped
-- Detecting CXX compile features
-- Detecting CXX compile features - done
-- Found ament_cmake: 1.3.11 (/opt/ros/humble/share/ament_cmake/cmake)
-- Found Python3: /usr/bin/python3 (found version "3.10.12") found components: Interpreter 
-- Found rclcpp: 16.0.11 (/opt/ros/humble/share/rclcpp/cmake)
-- Found rosidl_generator_c: 3.1.6 (/opt/ros/humble/share/rosidl_generator_c/cmake)
-- Found rosidl_adapter: 3.1.6 (/opt/ros/humble/share/rosidl_adapter/cmake)
-- Found rosidl_generator_cpp: 3.1.6 (/opt/ros/humble/share/rosidl_generator_cpp/cmake)
-- Using all available rosidl_typesupport_c: rosidl_typesupport_fastrtps_c;rosidl_typesupport_introspection_c
-- Using all available rosidl_typesupport_cpp: rosidl_typesupport_fastrtps_cpp;rosidl_typesupport_introspection_cpp
-- Found rmw_implementation_cmake: 6.1.2 (/opt/ros/humble/share/rmw_implementation_cmake/cmake)
-- Found rmw_fastrtps_cpp: 6.2.7 (/opt/ros/humble/share/rmw_fastrtps_cpp/cmake)
-- Found OpenSSL: /usr/lib/aarch64-linux-gnu/libcrypto.so (found version "3.0.2")  
-- Found FastRTPS: /opt/ros/humble/include  
-- Using RMW implementation 'rmw_fastrtps_cpp' as default
-- Looking for pthread.h
-- Looking for pthread.h - found
-- Performing Test CMAKE_HAVE_LIBC_PTHREAD
-- Performing Test CMAKE_HAVE_LIBC_PTHREAD - Success
-- Found Threads: TRUE  
-- Found rclpy: 3.3.15 (/opt/ros/humble/share/rclpy/cmake)
-- Found sensor_msgs: 4.2.4 (/opt/ros/humble/share/sensor_msgs/cmake)
-- Configuring done
-- Generating done
-- Build files have been written to: /home/ch03/name_ws/build/timbot_navigation
[ 50%] [32mBuilding CXX object CMakeFiles/cpp_executable.dir/src/cpp_node.cpp.o[0m
[ 50%] Built target ament_cmake_python_copy_timbot_navigation
running egg_info
creating timbot_navigation.egg-info
writing timbot_navigation.egg-info/PKG-INFO
writing dependency_links to timbot_navigation.egg-info/dependency_links.txt
writing top-level names to timbot_navigation.egg-info/top_level.txt
writing manifest file 'timbot_navigation.egg-info/SOURCES.txt'
reading manifest file 'timbot_navigation.egg-info/SOURCES.txt'
writing manifest file 'timbot_navigation.egg-info/SOURCES.txt'
[ 50%] Built target ament_cmake_python_build_timbot_navigation_egg
[100%] [32m[1mLinking CXX executable cpp_executable[0m
[100%] Built target cpp_executable
-- Install configuration: ""
-- Installing: /home/ch03/name_ws/install/timbot_navigation/lib/timbot_navigation/cpp_executable
-- Set runtime path of "/home/ch03/name_ws/install/timbot_navigation/lib/timbot_navigation/cpp_executable" to ""
-- Installing: /home/ch03/name_ws/install/timbot_navigation/share/timbot_navigation/environment/pythonpath.sh
-- Installing: /home/ch03/name_ws/install/timbot_navigation/share/timbot_navigation/environment/pythonpath.dsv
-- Installing: /home/ch03/name_ws/install/timbot_navigation/local/lib/python3.10/dist-packages/timbot_navigation-0.0.0-py3.10.egg-info
-- Installing: /home/ch03/name_ws/install/timbot_navigation/local/lib/python3.10/dist-packages/timbot_navigation-0.0.0-py3.10.egg-info/PKG-INFO
-- Installing: /home/ch03/name_ws/install/timbot_navigation/local/lib/python3.10/dist-packages/timbot_navigation-0.0.0-py3.10.egg-info/top_level.txt
-- Installing: /home/ch03/name_ws/install/timbot_navigation/local/lib/python3.10/dist-packages/timbot_navigation-0.0.0-py3.10.egg-info/SOURCES.txt
-- Installing: /home/ch03/name_ws/install/timbot_navigation/local/lib/python3.10/dist-packages/timbot_navigation-0.0.0-py3.10.egg-info/dependency_links.txt
-- Installing: /home/ch03/name_ws/install/timbot_navigation/local/lib/python3.10/dist-packages/timbot_navigation
-- Installing: /home/ch03/name_ws/install/timbot_navigation/local/lib/python3.10/dist-packages/timbot_navigation/__init__.py
-- Installing: /home/ch03/name_ws/install/timbot_navigation/local/lib/python3.10/dist-packages/timbot_navigation/module_to_import.py
Listing '/home/ch03/name_ws/install/timbot_navigation/local/lib/python3.10/dist-packages/timbot_navigation'...
Compiling '/home/ch03/name_ws/install/timbot_navigation/local/lib/python3.10/dist-packages/timbot_navigation/__init__.py'...
Compiling '/home/ch03/name_ws/install/timbot_navigation/local/lib/python3.10/dist-packages/timbot_navigation/module_to_import.py'...
-- Installing: /home/ch03/name_ws/install/timbot_navigation/lib/timbot_navigation/range_publisher.py
-- Installing: /home/ch03/name_ws/install/timbot_navigation/share/timbot_navigation/launch
-- Installing: /home/ch03/name_ws/install/timbot_navigation/share/timbot_navigation/launch/nav_bringup.py
-- Installing: /home/ch03/name_ws/install/timbot_navigation/share/timbot_navigation/config
-- Installing: /home/ch03/name_ws/install/timbot_navigation/share/timbot_navigation/config/ultrasonics_params.yaml
-- Installing: /home/ch03/name_ws/install/timbot_navigation/share/ament_index/resource_index/package_run_dependencies/timbot_navigation
-- Installing: /home/ch03/name_ws/install/timbot_navigation/share/ament_index/resource_index/parent_prefix_path/timbot_navigation
-- Installing: /home/ch03/name_ws/install/timbot_navigation/share/timbot_navigation/environment/ament_prefix_path.sh
-- Installing: /home/ch03/name_ws/install/timbot_navigation/share/timbot_navigation/environment/ament_prefix_path.dsv
-- Installing: /home/ch03/name_ws/install/timbot_navigation/share/timbot_navigation/environment/path.sh
-- Installing: /home/ch03/name_ws/install/timbot_navigation/share/timbot_navigation/environment/path.dsv
-- Installing: /home/ch03/name_ws/install/timbot_navigation/share/timbot_navigation/local_setup.bash
-- Installing: /home/ch03/name_ws/install/timbot_navigation/share/timbot_navigation/local_setup.sh
-- Installing: /home/ch03/name_ws/install/timbot_navigation/share/timbot_navigation/local_setup.zsh
-- Installing: /home/ch03/name_ws/install/timbot_navigation/share/timbot_navigation/local_setup.dsv
-- Installing: /home/ch03/name_ws/install/timbot_navigation/share/timbot_navigation/package.dsv
-- Installing: /home/ch03/name_ws/install/timbot_navigation/share/ament_index/resource_index/packages/timbot_navigation
-- Installing: /home/ch03/name_ws/install/timbot_navigation/share/timbot_navigation/cmake/timbot_navigationConfig.cmake
-- Installing: /home/ch03/name_ws/install/timbot_navigation/share/timbot_navigation/cmake/timbot_navigationConfig-version.cmake
-- Installing: /home/ch03/name_ws/install/timbot_navigation/share/timbot_navigation/package.xml
