[0.089s] Invoking command in '/home/ch03/name_ws/build/imu_bno055': CMAKE_PREFIX_PATH=${CMAKE_PREFIX_PATH}:/opt/ros/humble /usr/bin/cmake /home/ch03/name_ws/src/ros-imu-bno055 -DCMAKE_INSTALL_PREFIX=/home/ch03/name_ws/install/imu_bno055
[0.495s] -- The C compiler identification is GNU 11.4.0
[0.978s] -- The CXX compiler identification is GNU 11.4.0
[1.042s] -- Detecting C compiler ABI info
[1.465s] -- Detecting C compiler ABI info - done
[1.501s] -- Check for working C compiler: /usr/bin/cc - skipped
[1.502s] -- Detecting C compile features
[1.507s] -- Detecting C compile features - done
[1.521s] -- Detecting CXX compiler ABI info
[2.033s] -- Detecting CXX compiler ABI info - done
[2.111s] -- Check for working CXX compiler: /usr/bin/c++ - skipped
[2.124s] -- Detecting CXX compile features
[2.126s] -- Detecting CXX compile features - done
[2.162s] -- Found ros_environment: 3.2.2 (/opt/ros/humble/share/ros_environment/cmake)
[2.200s] -- Found ament_cmake: 1.3.11 (/opt/ros/humble/share/ament_cmake/cmake)
[3.789s] -- Found Python3: /usr/bin/python3 (found version "3.10.12") found components: Interpreter 
[4.369s] -- Found rclcpp: 16.0.11 (/opt/ros/humble/share/rclcpp/cmake)
[4.655s] -- Found rosidl_generator_c: 3.1.6 (/opt/ros/humble/share/rosidl_generator_c/cmake)
[4.693s] -- Found rosidl_adapter: 3.1.6 (/opt/ros/humble/share/rosidl_adapter/cmake)
[4.756s] -- Found rosidl_generator_cpp: 3.1.6 (/opt/ros/humble/share/rosidl_generator_cpp/cmake)
[4.822s] -- Using all available rosidl_typesupport_c: rosidl_typesupport_fastrtps_c;rosidl_typesupport_introspection_c
[4.921s] -- Using all available rosidl_typesupport_cpp: rosidl_typesupport_fastrtps_cpp;rosidl_typesupport_introspection_cpp
[5.195s] -- Found rmw_implementation_cmake: 6.1.2 (/opt/ros/humble/share/rmw_implementation_cmake/cmake)
[5.216s] -- Found rmw_fastrtps_cpp: 6.2.7 (/opt/ros/humble/share/rmw_fastrtps_cpp/cmake)
[5.695s] -- Found OpenSSL: /usr/lib/aarch64-linux-gnu/libcrypto.so (found version "3.0.2")  
[5.829s] -- Found FastRTPS: /opt/ros/humble/include  
[6.061s] -- Using RMW implementation 'rmw_fastrtps_cpp' as default
[6.128s] -- Looking for pthread.h
[6.516s] -- Looking for pthread.h - found
[6.518s] -- Performing Test CMAKE_HAVE_LIBC_PTHREAD
[6.912s] -- Performing Test CMAKE_HAVE_LIBC_PTHREAD - Success
[6.917s] -- Found Threads: TRUE  
[7.210s] -- Found sensor_msgs: 4.2.4 (/opt/ros/humble/share/sensor_msgs/cmake)
[7.399s] -- Found diagnostic_msgs: 4.2.4 (/opt/ros/humble/share/diagnostic_msgs/cmake)
[7.480s] -- Found std_srvs: 4.2.4 (/opt/ros/humble/share/std_srvs/cmake)
[7.935s] -- Configuring done
[8.018s] -- Generating done
[8.045s] -- Build files have been written to: /home/ch03/name_ws/build/imu_bno055
[8.120s] Invoked command in '/home/ch03/name_ws/build/imu_bno055' returned '0': CMAKE_PREFIX_PATH=${CMAKE_PREFIX_PATH}:/opt/ros/humble /usr/bin/cmake /home/ch03/name_ws/src/ros-imu-bno055 -DCMAKE_INSTALL_PREFIX=/home/ch03/name_ws/install/imu_bno055
[8.132s] Invoking command in '/home/ch03/name_ws/build/imu_bno055': CMAKE_PREFIX_PATH=${CMAKE_PREFIX_PATH}:/opt/ros/humble /usr/bin/cmake --build /home/ch03/name_ws/build/imu_bno055 -- -j4 -l4
[8.377s] [ 25%] [32mBuilding CXX object CMakeFiles/bno055_i2c_node.dir/src/bno055_i2c_node_ros2.cpp.o[0m
[8.387s] [ 50%] [32mBuilding CXX object CMakeFiles/bno055_i2c_node.dir/src/bno055_i2c_driver.cpp.o[0m
[8.419s] [ 75%] [32mBuilding CXX object CMakeFiles/bno055_i2c_node.dir/src/watchdog.cpp.o[0m
[41.326s] [100%] [32m[1mLinking CXX executable bno055_i2c_node[0m
[42.926s] [100%] Built target bno055_i2c_node
[42.970s] Invoked command in '/home/ch03/name_ws/build/imu_bno055' returned '0': CMAKE_PREFIX_PATH=${CMAKE_PREFIX_PATH}:/opt/ros/humble /usr/bin/cmake --build /home/ch03/name_ws/build/imu_bno055 -- -j4 -l4
[42.981s] Invoking command in '/home/ch03/name_ws/build/imu_bno055': CMAKE_PREFIX_PATH=${CMAKE_PREFIX_PATH}:/opt/ros/humble /usr/bin/cmake --install /home/ch03/name_ws/build/imu_bno055
[43.012s] -- Install configuration: ""
[43.013s] -- Installing: /home/ch03/name_ws/install/imu_bno055/lib/imu_bno055/bno055_i2c_node
[43.033s] -- Set runtime path of "/home/ch03/name_ws/install/imu_bno055/lib/imu_bno055/bno055_i2c_node" to ""
[43.035s] -- Installing: /home/ch03/name_ws/install/imu_bno055/share/ament_index/resource_index/package_run_dependencies/imu_bno055
[43.037s] -- Installing: /home/ch03/name_ws/install/imu_bno055/share/ament_index/resource_index/parent_prefix_path/imu_bno055
[43.039s] -- Installing: /home/ch03/name_ws/install/imu_bno055/share/imu_bno055/environment/ament_prefix_path.sh
[43.040s] -- Installing: /home/ch03/name_ws/install/imu_bno055/share/imu_bno055/environment/ament_prefix_path.dsv
[43.041s] -- Installing: /home/ch03/name_ws/install/imu_bno055/share/imu_bno055/environment/path.sh
[43.043s] -- Installing: /home/ch03/name_ws/install/imu_bno055/share/imu_bno055/environment/path.dsv
[43.044s] -- Installing: /home/ch03/name_ws/install/imu_bno055/share/imu_bno055/local_setup.bash
[43.046s] -- Installing: /home/ch03/name_ws/install/imu_bno055/share/imu_bno055/local_setup.sh
[43.049s] -- Installing: /home/ch03/name_ws/install/imu_bno055/share/imu_bno055/local_setup.zsh
[43.050s] -- Installing: /home/ch03/name_ws/install/imu_bno055/share/imu_bno055/local_setup.dsv
[43.051s] -- Installing: /home/ch03/name_ws/install/imu_bno055/share/imu_bno055/package.dsv
[43.052s] -- Installing: /home/ch03/name_ws/install/imu_bno055/share/ament_index/resource_index/packages/imu_bno055
[43.053s] -- Installing: /home/ch03/name_ws/install/imu_bno055/share/imu_bno055/cmake/imu_bno055Config.cmake
[43.055s] -- Installing: /home/ch03/name_ws/install/imu_bno055/share/imu_bno055/cmake/imu_bno055Config-version.cmake
[43.056s] -- Installing: /home/ch03/name_ws/install/imu_bno055/share/imu_bno055/package.xml
[43.066s] Invoked command in '/home/ch03/name_ws/build/imu_bno055' returned '0': CMAKE_PREFIX_PATH=${CMAKE_PREFIX_PATH}:/opt/ros/humble /usr/bin/cmake --install /home/ch03/name_ws/build/imu_bno055
