[0.115s] Invoking command in '/home/ch03/name_ws/build/imu_bno055': CMAKE_PREFIX_PATH=${CMAKE_PREFIX_PATH}:/opt/ros/humble /usr/bin/cmake --build /home/ch03/name_ws/build/imu_bno055 -- -j4 -l4
[0.601s] [100%] Built target bno055_i2c_node
[0.712s] Invoked command in '/home/ch03/name_ws/build/imu_bno055' returned '0': CMAKE_PREFIX_PATH=${CMAKE_PREFIX_PATH}:/opt/ros/humble /usr/bin/cmake --build /home/ch03/name_ws/build/imu_bno055 -- -j4 -l4
[0.771s] Invoking command in '/home/ch03/name_ws/build/imu_bno055': CMAKE_PREFIX_PATH=${CMAKE_PREFIX_PATH}:/opt/ros/humble /usr/bin/cmake --install /home/ch03/name_ws/build/imu_bno055
[0.815s] -- Install configuration: ""
[0.817s] -- Up-to-date: /home/ch03/name_ws/install/imu_bno055/lib/imu_bno055/bno055_i2c_node
[0.820s] -- Up-to-date: /home/ch03/name_ws/install/imu_bno055/share/ament_index/resource_index/package_run_dependencies/imu_bno055
[0.821s] -- Up-to-date: /home/ch03/name_ws/install/imu_bno055/share/ament_index/resource_index/parent_prefix_path/imu_bno055
[0.823s] -- Up-to-date: /home/ch03/name_ws/install/imu_bno055/share/imu_bno055/environment/ament_prefix_path.sh
[0.824s] -- Up-to-date: /home/ch03/name_ws/install/imu_bno055/share/imu_bno055/environment/ament_prefix_path.dsv
[0.825s] -- Up-to-date: /home/ch03/name_ws/install/imu_bno055/share/imu_bno055/environment/path.sh
[0.835s] -- Up-to-date: /home/ch03/name_ws/install/imu_bno055/share/imu_bno055/environment/path.dsv
[0.836s] -- Up-to-date: /home/ch03/name_ws/install/imu_bno055/share/imu_bno055/local_setup.bash
[0.842s] -- Up-to-date: /home/ch03/name_ws/install/imu_bno055/share/imu_bno055/local_setup.sh
[0.843s] -- Up-to-date: /home/ch03/name_ws/install/imu_bno055/share/imu_bno055/local_setup.zsh
[0.844s] -- Up-to-date: /home/ch03/name_ws/install/imu_bno055/share/imu_bno055/local_setup.dsv
[0.845s] -- Installing: /home/ch03/name_ws/install/imu_bno055/share/imu_bno055/package.dsv
[0.846s] -- Up-to-date: /home/ch03/name_ws/install/imu_bno055/share/ament_index/resource_index/packages/imu_bno055
[0.847s] -- Up-to-date: /home/ch03/name_ws/install/imu_bno055/share/imu_bno055/cmake/imu_bno055Config.cmake
[0.848s] -- Up-to-date: /home/ch03/name_ws/install/imu_bno055/share/imu_bno055/cmake/imu_bno055Config-version.cmake
[0.849s] -- Up-to-date: /home/ch03/name_ws/install/imu_bno055/share/imu_bno055/package.xml
[0.851s] Invoked command in '/home/ch03/name_ws/build/imu_bno055' returned '0': CMAKE_PREFIX_PATH=${CMAKE_PREFIX_PATH}:/opt/ros/humble /usr/bin/cmake --install /home/ch03/name_ws/build/imu_bno055
