[0.113s] Invoking command in '/home/ch03/name_ws/build/timbot_navigation': CMAKE_PREFIX_PATH=${CMAKE_PREFIX_PATH}:/opt/ros/humble /usr/bin/cmake --build /home/ch03/name_ws/build/timbot_navigation -- -j4 -l4
[0.573s] [  0%] Built target ament_cmake_python_copy_timbot_navigation
[0.589s] [100%] Built target cpp_executable
[2.294s] running egg_info
[2.299s] writing timbot_navigation.egg-info/PKG-INFO
[2.309s] writing dependency_links to timbot_navigation.egg-info/dependency_links.txt
[2.309s] writing top-level names to timbot_navigation.egg-info/top_level.txt
[2.316s] reading manifest file 'timbot_navigation.egg-info/SOURCES.txt'
[2.320s] writing manifest file 'timbot_navigation.egg-info/SOURCES.txt'
[2.477s] [100%] Built target ament_cmake_python_build_timbot_navigation_egg
[2.525s] Invoked command in '/home/ch03/name_ws/build/timbot_navigation' returned '0': CMAKE_PREFIX_PATH=${CMAKE_PREFIX_PATH}:/opt/ros/humble /usr/bin/cmake --build /home/ch03/name_ws/build/timbot_navigation -- -j4 -l4
[2.547s] Invoking command in '/home/ch03/name_ws/build/timbot_navigation': CMAKE_PREFIX_PATH=${CMAKE_PREFIX_PATH}:/opt/ros/humble /usr/bin/cmake --install /home/ch03/name_ws/build/timbot_navigation
[2.573s] -- Install configuration: ""
[2.575s] -- Up-to-date: /home/ch03/name_ws/install/timbot_navigation/lib/timbot_navigation/cpp_executable
[2.577s] -- Up-to-date: /home/ch03/name_ws/install/timbot_navigation/share/timbot_navigation/environment/pythonpath.sh
[2.578s] -- Up-to-date: /home/ch03/name_ws/install/timbot_navigation/share/timbot_navigation/environment/pythonpath.dsv
[2.580s] -- Up-to-date: /home/ch03/name_ws/install/timbot_navigation/local/lib/python3.10/dist-packages/timbot_navigation-0.0.0-py3.10.egg-info
[2.581s] -- Installing: /home/ch03/name_ws/install/timbot_navigation/local/lib/python3.10/dist-packages/timbot_navigation-0.0.0-py3.10.egg-info/PKG-INFO
[2.583s] -- Installing: /home/ch03/name_ws/install/timbot_navigation/local/lib/python3.10/dist-packages/timbot_navigation-0.0.0-py3.10.egg-info/top_level.txt
[2.585s] -- Installing: /home/ch03/name_ws/install/timbot_navigation/local/lib/python3.10/dist-packages/timbot_navigation-0.0.0-py3.10.egg-info/SOURCES.txt
[2.587s] -- Installing: /home/ch03/name_ws/install/timbot_navigation/local/lib/python3.10/dist-packages/timbot_navigation-0.0.0-py3.10.egg-info/dependency_links.txt
[2.590s] -- Up-to-date: /home/ch03/name_ws/install/timbot_navigation/local/lib/python3.10/dist-packages/timbot_navigation
[2.591s] -- Up-to-date: /home/ch03/name_ws/install/timbot_navigation/local/lib/python3.10/dist-packages/timbot_navigation/__init__.py
[2.592s] -- Up-to-date: /home/ch03/name_ws/install/timbot_navigation/local/lib/python3.10/dist-packages/timbot_navigation/module_to_import.py
[2.835s] Listing '/home/ch03/name_ws/install/timbot_navigation/local/lib/python3.10/dist-packages/timbot_navigation'...
[2.859s] -- Up-to-date: /home/ch03/name_ws/install/timbot_navigation/lib/timbot_navigation/range_publisher.py
[2.859s] -- Up-to-date: /home/ch03/name_ws/install/timbot_navigation/share/timbot_navigation/launch
[2.860s] -- Installing: /home/ch03/name_ws/install/timbot_navigation/share/timbot_navigation/launch/nav_bringup.launch.py
[2.861s] -- Up-to-date: /home/ch03/name_ws/install/timbot_navigation/share/timbot_navigation/config
[2.862s] -- Up-to-date: /home/ch03/name_ws/install/timbot_navigation/share/timbot_navigation/config/ultrasonics_params.yaml
[2.862s] -- Up-to-date: /home/ch03/name_ws/install/timbot_navigation/share/ament_index/resource_index/package_run_dependencies/timbot_navigation
[2.863s] -- Up-to-date: /home/ch03/name_ws/install/timbot_navigation/share/ament_index/resource_index/parent_prefix_path/timbot_navigation
[2.864s] -- Up-to-date: /home/ch03/name_ws/install/timbot_navigation/share/timbot_navigation/environment/ament_prefix_path.sh
[2.865s] -- Up-to-date: /home/ch03/name_ws/install/timbot_navigation/share/timbot_navigation/environment/ament_prefix_path.dsv
[2.865s] -- Up-to-date: /home/ch03/name_ws/install/timbot_navigation/share/timbot_navigation/environment/path.sh
[2.866s] -- Up-to-date: /home/ch03/name_ws/install/timbot_navigation/share/timbot_navigation/environment/path.dsv
[2.866s] -- Up-to-date: /home/ch03/name_ws/install/timbot_navigation/share/timbot_navigation/local_setup.bash
[2.867s] -- Up-to-date: /home/ch03/name_ws/install/timbot_navigation/share/timbot_navigation/local_setup.sh
[2.867s] -- Up-to-date: /home/ch03/name_ws/install/timbot_navigation/share/timbot_navigation/local_setup.zsh
[2.868s] -- Up-to-date: /home/ch03/name_ws/install/timbot_navigation/share/timbot_navigation/local_setup.dsv
[2.869s] -- Installing: /home/ch03/name_ws/install/timbot_navigation/share/timbot_navigation/package.dsv
[2.869s] -- Up-to-date: /home/ch03/name_ws/install/timbot_navigation/share/ament_index/resource_index/packages/timbot_navigation
[2.870s] -- Up-to-date: /home/ch03/name_ws/install/timbot_navigation/share/timbot_navigation/cmake/timbot_navigationConfig.cmake
[2.871s] -- Up-to-date: /home/ch03/name_ws/install/timbot_navigation/share/timbot_navigation/cmake/timbot_navigationConfig-version.cmake
[2.871s] -- Up-to-date: /home/ch03/name_ws/install/timbot_navigation/share/timbot_navigation/package.xml
[2.880s] Invoked command in '/home/ch03/name_ws/build/timbot_navigation' returned '0': CMAKE_PREFIX_PATH=${CMAKE_PREFIX_PATH}:/opt/ros/humble /usr/bin/cmake --install /home/ch03/name_ws/build/timbot_navigation
