[0.071s] Invoking command in '/home/ch03/name_ws/build/timbot_navigation': CMAKE_PREFIX_PATH=${CMAKE_PREFIX_PATH}:/opt/ros/humble /usr/bin/cmake --build /home/ch03/name_ws/build/timbot_navigation -- -j4 -l4
[0.261s] [35m[1mConsolidate compiler generated dependencies of target cpp_executable[0m
[0.338s] [  0%] Built target ament_cmake_python_copy_timbot_navigation
[0.385s] [100%] Built target cpp_executable
[1.521s] running egg_info
[1.524s] writing timbot_navigation.egg-info/PKG-INFO
[1.526s] writing dependency_links to timbot_navigation.egg-info/dependency_links.txt
[1.527s] writing top-level names to timbot_navigation.egg-info/top_level.txt
[1.537s] reading manifest file 'timbot_navigation.egg-info/SOURCES.txt'
[1.539s] writing manifest file 'timbot_navigation.egg-info/SOURCES.txt'
[1.672s] [100%] Built target ament_cmake_python_build_timbot_navigation_egg
[1.717s] Invoked command in '/home/ch03/name_ws/build/timbot_navigation' returned '0': CMAKE_PREFIX_PATH=${CMAKE_PREFIX_PATH}:/opt/ros/humble /usr/bin/cmake --build /home/ch03/name_ws/build/timbot_navigation -- -j4 -l4
[1.728s] Invoking command in '/home/ch03/name_ws/build/timbot_navigation': CMAKE_PREFIX_PATH=${CMAKE_PREFIX_PATH}:/opt/ros/humble /usr/bin/cmake --install /home/ch03/name_ws/build/timbot_navigation
[1.756s] -- Install configuration: ""
[1.757s] -- Up-to-date: /home/ch03/name_ws/install/timbot_navigation/lib/timbot_navigation/cpp_executable
[1.760s] -- Up-to-date: /home/ch03/name_ws/install/timbot_navigation/share/timbot_navigation/environment/pythonpath.sh
[1.760s] -- Up-to-date: /home/ch03/name_ws/install/timbot_navigation/share/timbot_navigation/environment/pythonpath.dsv
[1.761s] -- Up-to-date: /home/ch03/name_ws/install/timbot_navigation/local/lib/python3.10/dist-packages/timbot_navigation-0.0.0-py3.10.egg-info
[1.761s] -- Installing: /home/ch03/name_ws/install/timbot_navigation/local/lib/python3.10/dist-packages/timbot_navigation-0.0.0-py3.10.egg-info/PKG-INFO
[1.762s] -- Installing: /home/ch03/name_ws/install/timbot_navigation/local/lib/python3.10/dist-packages/timbot_navigation-0.0.0-py3.10.egg-info/top_level.txt
[1.764s] -- Installing: /home/ch03/name_ws/install/timbot_navigation/local/lib/python3.10/dist-packages/timbot_navigation-0.0.0-py3.10.egg-info/SOURCES.txt
[1.765s] -- Installing: /home/ch03/name_ws/install/timbot_navigation/local/lib/python3.10/dist-packages/timbot_navigation-0.0.0-py3.10.egg-info/dependency_links.txt
[1.767s] -- Up-to-date: /home/ch03/name_ws/install/timbot_navigation/local/lib/python3.10/dist-packages/timbot_navigation
[1.767s] -- Up-to-date: /home/ch03/name_ws/install/timbot_navigation/local/lib/python3.10/dist-packages/timbot_navigation/__init__.py
[1.768s] -- Up-to-date: /home/ch03/name_ws/install/timbot_navigation/local/lib/python3.10/dist-packages/timbot_navigation/module_to_import.py
[1.924s] Listing '/home/ch03/name_ws/install/timbot_navigation/local/lib/python3.10/dist-packages/timbot_navigation'...
[1.948s] -- Up-to-date: /home/ch03/name_ws/install/timbot_navigation/lib/timbot_navigation/range_publisher.py
[1.949s] -- Up-to-date: /home/ch03/name_ws/install/timbot_navigation/share/timbot_navigation/launch
[1.949s] -- Up-to-date: /home/ch03/name_ws/install/timbot_navigation/share/timbot_navigation/launch/nav_bringup.py
[1.950s] -- Up-to-date: /home/ch03/name_ws/install/timbot_navigation/share/timbot_navigation/config
[1.950s] -- Up-to-date: /home/ch03/name_ws/install/timbot_navigation/share/timbot_navigation/config/ultrasonics_params.yaml
[1.951s] -- Up-to-date: /home/ch03/name_ws/install/timbot_navigation/share/ament_index/resource_index/package_run_dependencies/timbot_navigation
[1.951s] -- Up-to-date: /home/ch03/name_ws/install/timbot_navigation/share/ament_index/resource_index/parent_prefix_path/timbot_navigation
[1.952s] -- Up-to-date: /home/ch03/name_ws/install/timbot_navigation/share/timbot_navigation/environment/ament_prefix_path.sh
[1.953s] -- Up-to-date: /home/ch03/name_ws/install/timbot_navigation/share/timbot_navigation/environment/ament_prefix_path.dsv
[1.953s] -- Up-to-date: /home/ch03/name_ws/install/timbot_navigation/share/timbot_navigation/environment/path.sh
[1.954s] -- Up-to-date: /home/ch03/name_ws/install/timbot_navigation/share/timbot_navigation/environment/path.dsv
[1.955s] -- Up-to-date: /home/ch03/name_ws/install/timbot_navigation/share/timbot_navigation/local_setup.bash
[1.955s] -- Up-to-date: /home/ch03/name_ws/install/timbot_navigation/share/timbot_navigation/local_setup.sh
[1.955s] -- Up-to-date: /home/ch03/name_ws/install/timbot_navigation/share/timbot_navigation/local_setup.zsh
[1.956s] -- Up-to-date: /home/ch03/name_ws/install/timbot_navigation/share/timbot_navigation/local_setup.dsv
[1.957s] -- Installing: /home/ch03/name_ws/install/timbot_navigation/share/timbot_navigation/package.dsv
[1.957s] -- Up-to-date: /home/ch03/name_ws/install/timbot_navigation/share/ament_index/resource_index/packages/timbot_navigation
[1.958s] -- Up-to-date: /home/ch03/name_ws/install/timbot_navigation/share/timbot_navigation/cmake/timbot_navigationConfig.cmake
[1.962s] -- Up-to-date: /home/ch03/name_ws/install/timbot_navigation/share/timbot_navigation/cmake/timbot_navigationConfig-version.cmake
[1.964s] -- Up-to-date: /home/ch03/name_ws/install/timbot_navigation/share/timbot_navigation/package.xml
[1.968s] Invoked command in '/home/ch03/name_ws/build/timbot_navigation' returned '0': CMAKE_PREFIX_PATH=${CMAKE_PREFIX_PATH}:/opt/ros/humble /usr/bin/cmake --install /home/ch03/name_ws/build/timbot_navigation
